<?xml version="1.0" encoding="UTF-8"?>
<!-- Generated by org.testng.reporters.JUnitReportReporter -->
<testsuite hostname="beeweb-Lenovo-ideapad-330-15IKB" failures="0" tests="4" name="OrderGenerationEndToEndTest" time="70.524" errors="0" timestamp="2023-03-30T23:19:17 AMT" skipped="1">
  <testcase classname="OrderGenerationEndToEndTest" name="createOrder" time="27.078"/>
  <system-out/>
  <testcase classname="OrderGenerationEndToEndTest" name="checkCreatedOrder" time="7.146"/>
  <system-out/>
  <testcase classname="OrderGenerationEndToEndTest" name="createOrder" time="9.429">
    <skipped/>
  </testcase> <!-- createOrder -->
  <system-out/>
  <testcase classname="OrderGenerationEndToEndTest" name="createOrder" time="26.871"/>
  <system-out/>
</testsuite> <!-- OrderGenerationEndToEndTest -->
