<?xml version="1.0" encoding="UTF-8"?>
<!-- Generated by org.testng.reporters.JUnitReportReporter -->
<testsuite hostname="beeweb-Lenovo-ideapad-330-15IKB" failures="0" tests="3" name="ErrorValidationsTest" time="40.726" errors="0" timestamp="2023-03-30T23:19:17 AMT" skipped="1">
  <testcase classname="ErrorValidationsTest" name="productErrorValidation" time="8.658">
    <skipped/>
  </testcase> <!-- productErrorValidation -->
  <system-out/>
  <testcase classname="ErrorValidationsTest" name="productErrorValidation" time="26.306"/>
  <system-out/>
  <testcase classname="ErrorValidationsTest" name="wrongLogin" time="5.762"/>
  <system-out/>
</testsuite> <!-- ErrorValidationsTest -->
